<?xml version="1.0" encoding="UTF-8"?>
<!-- Generated by org.testng.reporters.JUnitXMLReporter -->
<testsuite ignored="0" hostname="DESKTOP-SK3B3DV" failures="0" tests="3" name="Default test" time="39.65" errors="0" timestamp="2026-06-24T08:32:10 IST">
  <testcase classname="com.krishna.ecommerce.tests.TextBoxTest" name="testTextBoxPageTitle" time="10.462"/>
  <testcase classname="com.krishna.ecommerce.tests.TextBoxTest" name="testFillTextBox" time="6.058"/>
  <testcase classname="com.krishna.ecommerce.tests.TextBoxTest" name="testOutputNameCorrect" time="4.557"/>
</testsuite> <!-- Default test -->
