<?xml version="1.0" encoding="UTF-8"?>
<!-- Generated by org.testng.reporters.JUnitXMLReporter -->
<testsuite ignored="0" hostname="DESKTOP-SK3B3DV" failures="0" tests="3" name="CheckBox Tests" time="18.306" errors="0" timestamp="2026-06-24T09:04:07 IST">
  <testcase classname="com.krishna.ecommerce.tests.CheckBoxTest" name="testCheckBoxPageOpens" time="6.438"/>
  <testcase classname="com.krishna.ecommerce.tests.CheckBoxTest" name="testCheckBoxURLCorrect" time="4.595"/>
  <testcase classname="com.krishna.ecommerce.tests.CheckBoxTest" name="testCheckBoxPageBodyLoaded" time="4.652"/>
</testsuite> <!-- CheckBox Tests -->
