<?xml version="1.0" encoding="UTF-8"?>
<!-- Generated by org.testng.reporters.JUnitXMLReporter -->
<testsuite ignored="0" hostname="DESKTOP-SK3B3DV" failures="0" tests="3" name="RadioButton Tests" time="16.652" errors="0" timestamp="2026-06-24T09:04:24 IST">
  <testcase classname="com.krishna.ecommerce.tests.RadioButtonTest" name="testRadioButtonPageOpens" time="5.945"/>
  <testcase classname="com.krishna.ecommerce.tests.RadioButtonTest" name="testSelectYesRadioButton" time="4.667"/>
  <testcase classname="com.krishna.ecommerce.tests.RadioButtonTest" name="testSelectImpressiveRadioButton" time="3.821"/>
</testsuite> <!-- RadioButton Tests -->
