<?xml version="1.0" encoding="UTF-8"?>
<!-- Generated by org.testng.reporters.JUnitXMLReporter -->
<testsuite ignored="0" hostname="DESKTOP-SK3B3DV" failures="0" tests="3" name="TextBox Tests" time="32.456" errors="0" timestamp="2026-06-24T09:03:49 IST">
  <testcase classname="com.krishna.ecommerce.tests.TextBoxTest" name="testTextBoxPageTitle" time="16.059"/>
  <testcase classname="com.krishna.ecommerce.tests.TextBoxTest" name="testFillTextBox" time="5.301"/>
  <testcase classname="com.krishna.ecommerce.tests.TextBoxTest" name="testOutputNameCorrect" time="4.82"/>
</testsuite> <!-- TextBox Tests -->
