<?xml version="1.0" encoding="UTF-8"?>
<testng-results ignored="0" total="3" passed="2" failed="1" skipped="0">
  <reporter-output>
  </reporter-output>
  <suite started-at="2026-06-06T18:59:17 IST" name="Default suite" finished-at="2026-06-06T18:59:31 IST" duration-ms="14482">
    <groups>
    </groups>
    <test started-at="2026-06-06T18:59:17 IST" name="Default test" finished-at="2026-06-06T18:59:31 IST" duration-ms="14482">
      <class name="com.krishna.tests.ScreenshotTest">
        <test-method is-config="true" signature="setUp()[pri:0, instance:com.krishna.tests.ScreenshotTest@7586beff]" started-at="2026-06-06T18:59:17 IST" name="setUp" finished-at="2026-06-06T18:59:24 IST" duration-ms="7579" status="PASS">
          <reporter-output>
          </reporter-output>
        </test-method> <!-- setUp -->
        <test-method signature="testGoogleTitle()[pri:1, instance:com.krishna.tests.ScreenshotTest@7586beff]" started-at="2026-06-06T18:59:24 IST" name="testGoogleTitle" finished-at="2026-06-06T18:59:26 IST" duration-ms="1706" status="PASS">
          <reporter-output>
          </reporter-output>
        </test-method> <!-- testGoogleTitle -->
        <test-method is-config="true" signature="takeScreenshotOnFailure(org.testng.ITestResult)[pri:0, instance:com.krishna.tests.ScreenshotTest@7586beff]" started-at="2026-06-06T18:59:26 IST" name="takeScreenshotOnFailure" finished-at="2026-06-06T18:59:26 IST" duration-ms="6" status="PASS">
          <params>
            <param index="0">
              <value>
                <![CDATA[[TestResult name=testGoogleTitle status=SUCCESS method=ScreenshotTest.testGoogleTitle()[pri:1, instance:com.krishna.tests.ScreenshotTest@7586beff] output={null}]]]>
              </value>
            </param>
          </params>
          <reporter-output>
          </reporter-output>
        </test-method> <!-- takeScreenshotOnFailure -->
        <test-method signature="testWrongTitle()[pri:2, instance:com.krishna.tests.ScreenshotTest@7586beff]" started-at="2026-06-06T18:59:26 IST" name="testWrongTitle" finished-at="2026-06-06T18:59:27 IST" duration-ms="1146" status="FAIL">
          <exception class="java.lang.AssertionError">
            <message>
              <![CDATA[expected [Facebook] but found [Google]]]>
            </message>
            <full-stacktrace>
              <![CDATA[java.lang.AssertionError: expected [Facebook] but found [Google]
at org.testng.Assert.fail(Assert.java:111)
at org.testng.Assert.failNotEquals(Assert.java:1578)
at org.testng.Assert.assertEqualsImpl(Assert.java:150)
at org.testng.Assert.assertEquals(Assert.java:132)
at org.testng.Assert.assertEquals(Assert.java:656)
at org.testng.Assert.assertEquals(Assert.java:666)
at com.krishna.tests.ScreenshotTest.testWrongTitle(ScreenshotTest.java:49)
at java.base/jdk.internal.reflect.DirectMethodHandleAccessor.invoke(DirectMethodHandleAccessor.java:103)
at java.base/java.lang.reflect.Method.invoke(Method.java:580)
at org.testng.internal.invokers.MethodInvocationHelper.invokeMethod(MethodInvocationHelper.java:139)
at org.testng.internal.invokers.TestInvoker.invokeMethod(TestInvoker.java:664)
at org.testng.internal.invokers.TestInvoker.invokeTestMethod(TestInvoker.java:227)
at org.testng.internal.invokers.MethodRunner.runInSequence(MethodRunner.java:50)
at org.testng.internal.invokers.TestInvoker$MethodInvocationAgent.invoke(TestInvoker.java:957)
at org.testng.internal.invokers.TestInvoker.invokeTestMethods(TestInvoker.java:200)
at org.testng.internal.invokers.TestMethodWorker.invokeTestMethods(TestMethodWorker.java:148)
at org.testng.internal.invokers.TestMethodWorker.run(TestMethodWorker.java:128)
at java.base/java.util.ArrayList.forEach(ArrayList.java:1596)
at org.testng.TestRunner.privateRun(TestRunner.java:848)
at org.testng.TestRunner.run(TestRunner.java:621)
at org.testng.SuiteRunner.runTest(SuiteRunner.java:443)
at org.testng.SuiteRunner.runSequentially(SuiteRunner.java:437)
at org.testng.SuiteRunner.privateRun(SuiteRunner.java:397)
at org.testng.SuiteRunner.run(SuiteRunner.java:336)
at org.testng.SuiteRunnerWorker.runSuite(SuiteRunnerWorker.java:52)
at org.testng.SuiteRunnerWorker.run(SuiteRunnerWorker.java:95)
at org.testng.TestNG.runSuitesSequentially(TestNG.java:1280)
at org.testng.TestNG.runSuitesLocally(TestNG.java:1200)
at org.testng.TestNG.runSuites(TestNG.java:1114)
at org.testng.TestNG.run(TestNG.java:1082)
at org.testng.remote.AbstractRemoteTestNG.run(AbstractRemoteTestNG.java:115)
at org.testng.remote.RemoteTestNG.initAndRun(RemoteTestNG.java:293)
at org.testng.remote.RemoteTestNG.main(RemoteTestNG.java:91)
]]>
            </full-stacktrace>
          </exception> <!-- java.lang.AssertionError -->
          <reporter-output>
          </reporter-output>
        </test-method> <!-- testWrongTitle -->
        <test-method is-config="true" signature="takeScreenshotOnFailure(org.testng.ITestResult)[pri:0, instance:com.krishna.tests.ScreenshotTest@7586beff]" started-at="2026-06-06T18:59:27 IST" name="takeScreenshotOnFailure" finished-at="2026-06-06T18:59:28 IST" duration-ms="201" status="PASS">
          <params>
            <param index="0">
              <value>
                <![CDATA[[TestResult name=testWrongTitle status=FAILURE method=ScreenshotTest.testWrongTitle()[pri:2, instance:com.krishna.tests.ScreenshotTest@7586beff] output={null}]]]>
              </value>
            </param>
          </params>
          <reporter-output>
          </reporter-output>
        </test-method> <!-- takeScreenshotOnFailure -->
        <test-method signature="testSearchWorks()[pri:3, instance:com.krishna.tests.ScreenshotTest@7586beff]" started-at="2026-06-06T18:59:28 IST" name="testSearchWorks" finished-at="2026-06-06T18:59:31 IST" duration-ms="3334" status="PASS">
          <reporter-output>
          </reporter-output>
        </test-method> <!-- testSearchWorks -->
        <test-method is-config="true" signature="takeScreenshotOnFailure(org.testng.ITestResult)[pri:0, instance:com.krishna.tests.ScreenshotTest@7586beff]" started-at="2026-06-06T18:59:31 IST" name="takeScreenshotOnFailure" finished-at="2026-06-06T18:59:31 IST" duration-ms="2" status="PASS">
          <params>
            <param index="0">
              <value>
                <![CDATA[[TestResult name=testSearchWorks status=SUCCESS method=ScreenshotTest.testSearchWorks()[pri:3, instance:com.krishna.tests.ScreenshotTest@7586beff] output={null}]]]>
              </value>
            </param>
          </params>
          <reporter-output>
          </reporter-output>
        </test-method> <!-- takeScreenshotOnFailure -->
        <test-method is-config="true" signature="tearDown()[pri:0, instance:com.krishna.tests.ScreenshotTest@7586beff]" started-at="2026-06-06T18:59:31 IST" name="tearDown" finished-at="2026-06-06T18:59:31 IST" duration-ms="363" status="PASS">
          <reporter-output>
          </reporter-output>
        </test-method> <!-- tearDown -->
      </class> <!-- com.krishna.tests.ScreenshotTest -->
    </test> <!-- Default test -->
  </suite> <!-- Default suite -->
</testng-results>
