<?xml version="1.0" encoding="UTF-8"?>
<testng-results ignored="0" total="9" passed="9" failed="0" skipped="0">
  <reporter-output>
  </reporter-output>
  <suite started-at="2026-06-24T09:03:16 IST" name="Krishna Vamshi - DemoQA Test Suite" finished-at="2026-06-24T09:04:24 IST" duration-ms="67525">
    <groups>
    </groups>
    <test started-at="2026-06-24T09:03:16 IST" name="TextBox Tests" finished-at="2026-06-24T09:03:49 IST" duration-ms="32456">
      <class name="com.krishna.ecommerce.tests.TextBoxTest">
        <test-method is-config="true" signature="setUp()[pri:0, instance:com.krishna.ecommerce.tests.TextBoxTest@7586beff]" started-at="2026-06-24T09:03:16 IST" name="setUp" finished-at="2026-06-24T09:03:21 IST" duration-ms="5225" status="PASS">
          <reporter-output>
          </reporter-output>
        </test-method> <!-- setUp -->
        <test-method signature="testTextBoxPageTitle()[pri:1, instance:com.krishna.ecommerce.tests.TextBoxTest@7586beff]" started-at="2026-06-24T09:03:22 IST" name="testTextBoxPageTitle" finished-at="2026-06-24T09:03:38 IST" duration-ms="16059" status="PASS">
          <reporter-output>
          </reporter-output>
        </test-method> <!-- testTextBoxPageTitle -->
        <test-method is-config="true" signature="takeScreenshotOnFailure(org.testng.ITestResult)[pri:0, instance:com.krishna.ecommerce.tests.TextBoxTest@7586beff]" started-at="2026-06-24T09:03:38 IST" name="takeScreenshotOnFailure" finished-at="2026-06-24T09:03:38 IST" duration-ms="7" status="PASS">
          <params>
            <param index="0">
              <value>
                <![CDATA[[TestResult name=testTextBoxPageTitle status=SUCCESS method=TextBoxTest.testTextBoxPageTitle()[pri:1, instance:com.krishna.ecommerce.tests.TextBoxTest@7586beff] output={null}]]]>
              </value>
            </param>
          </params>
          <reporter-output>
          </reporter-output>
        </test-method> <!-- takeScreenshotOnFailure -->
        <test-method signature="testFillTextBox()[pri:2, instance:com.krishna.ecommerce.tests.TextBoxTest@7586beff]" started-at="2026-06-24T09:03:38 IST" name="testFillTextBox" finished-at="2026-06-24T09:03:43 IST" duration-ms="5301" status="PASS">
          <reporter-output>
          </reporter-output>
        </test-method> <!-- testFillTextBox -->
        <test-method is-config="true" signature="takeScreenshotOnFailure(org.testng.ITestResult)[pri:0, instance:com.krishna.ecommerce.tests.TextBoxTest@7586beff]" started-at="2026-06-24T09:03:43 IST" name="takeScreenshotOnFailure" finished-at="2026-06-24T09:03:43 IST" duration-ms="2" status="PASS">
          <params>
            <param index="0">
              <value>
                <![CDATA[[TestResult name=testFillTextBox status=SUCCESS method=TextBoxTest.testFillTextBox()[pri:2, instance:com.krishna.ecommerce.tests.TextBoxTest@7586beff] output={null}]]]>
              </value>
            </param>
          </params>
          <reporter-output>
          </reporter-output>
        </test-method> <!-- takeScreenshotOnFailure -->
        <test-method signature="testOutputNameCorrect()[pri:3, instance:com.krishna.ecommerce.tests.TextBoxTest@7586beff]" started-at="2026-06-24T09:03:43 IST" name="testOutputNameCorrect" finished-at="2026-06-24T09:03:48 IST" duration-ms="4820" status="PASS">
          <reporter-output>
          </reporter-output>
        </test-method> <!-- testOutputNameCorrect -->
        <test-method is-config="true" signature="takeScreenshotOnFailure(org.testng.ITestResult)[pri:0, instance:com.krishna.ecommerce.tests.TextBoxTest@7586beff]" started-at="2026-06-24T09:03:48 IST" name="takeScreenshotOnFailure" finished-at="2026-06-24T09:03:48 IST" duration-ms="1" status="PASS">
          <params>
            <param index="0">
              <value>
                <![CDATA[[TestResult name=testOutputNameCorrect status=SUCCESS method=TextBoxTest.testOutputNameCorrect()[pri:3, instance:com.krishna.ecommerce.tests.TextBoxTest@7586beff] output={null}]]]>
              </value>
            </param>
          </params>
          <reporter-output>
          </reporter-output>
        </test-method> <!-- takeScreenshotOnFailure -->
        <test-method is-config="true" signature="tearDown()[pri:0, instance:com.krishna.ecommerce.tests.TextBoxTest@7586beff]" started-at="2026-06-24T09:03:48 IST" name="tearDown" finished-at="2026-06-24T09:03:49 IST" duration-ms="897" status="PASS">
          <reporter-output>
          </reporter-output>
        </test-method> <!-- tearDown -->
      </class> <!-- com.krishna.ecommerce.tests.TextBoxTest -->
    </test> <!-- TextBox Tests -->
    <test started-at="2026-06-24T09:03:49 IST" name="CheckBox Tests" finished-at="2026-06-24T09:04:07 IST" duration-ms="18306">
      <class name="com.krishna.ecommerce.tests.CheckBoxTest">
        <test-method is-config="true" signature="setUp()[pri:0, instance:com.krishna.ecommerce.tests.CheckBoxTest@752325ad]" started-at="2026-06-24T09:03:49 IST" name="setUp" finished-at="2026-06-24T09:03:50 IST" duration-ms="1711" status="PASS">
          <reporter-output>
          </reporter-output>
        </test-method> <!-- setUp -->
        <test-method signature="testCheckBoxPageOpens()[pri:1, instance:com.krishna.ecommerce.tests.CheckBoxTest@752325ad]" started-at="2026-06-24T09:03:50 IST" name="testCheckBoxPageOpens" finished-at="2026-06-24T09:03:57 IST" duration-ms="6438" status="PASS">
          <reporter-output>
          </reporter-output>
        </test-method> <!-- testCheckBoxPageOpens -->
        <test-method is-config="true" signature="takeScreenshotOnFailure(org.testng.ITestResult)[pri:0, instance:com.krishna.ecommerce.tests.CheckBoxTest@752325ad]" started-at="2026-06-24T09:03:57 IST" name="takeScreenshotOnFailure" finished-at="2026-06-24T09:03:57 IST" duration-ms="1" status="PASS">
          <params>
            <param index="0">
              <value>
                <![CDATA[[TestResult name=testCheckBoxPageOpens status=SUCCESS method=CheckBoxTest.testCheckBoxPageOpens()[pri:1, instance:com.krishna.ecommerce.tests.CheckBoxTest@752325ad] output={null}]]]>
              </value>
            </param>
          </params>
          <reporter-output>
          </reporter-output>
        </test-method> <!-- takeScreenshotOnFailure -->
        <test-method signature="testCheckBoxURLCorrect()[pri:2, instance:com.krishna.ecommerce.tests.CheckBoxTest@752325ad]" started-at="2026-06-24T09:03:57 IST" name="testCheckBoxURLCorrect" finished-at="2026-06-24T09:04:01 IST" duration-ms="4595" status="PASS">
          <reporter-output>
          </reporter-output>
        </test-method> <!-- testCheckBoxURLCorrect -->
        <test-method is-config="true" signature="takeScreenshotOnFailure(org.testng.ITestResult)[pri:0, instance:com.krishna.ecommerce.tests.CheckBoxTest@752325ad]" started-at="2026-06-24T09:04:01 IST" name="takeScreenshotOnFailure" finished-at="2026-06-24T09:04:01 IST" duration-ms="2" status="PASS">
          <params>
            <param index="0">
              <value>
                <![CDATA[[TestResult name=testCheckBoxURLCorrect status=SUCCESS method=CheckBoxTest.testCheckBoxURLCorrect()[pri:2, instance:com.krishna.ecommerce.tests.CheckBoxTest@752325ad] output={null}]]]>
              </value>
            </param>
          </params>
          <reporter-output>
          </reporter-output>
        </test-method> <!-- takeScreenshotOnFailure -->
        <test-method signature="testCheckBoxPageBodyLoaded()[pri:3, instance:com.krishna.ecommerce.tests.CheckBoxTest@752325ad]" started-at="2026-06-24T09:04:01 IST" name="testCheckBoxPageBodyLoaded" finished-at="2026-06-24T09:04:06 IST" duration-ms="4652" status="PASS">
          <reporter-output>
          </reporter-output>
        </test-method> <!-- testCheckBoxPageBodyLoaded -->
        <test-method is-config="true" signature="takeScreenshotOnFailure(org.testng.ITestResult)[pri:0, instance:com.krishna.ecommerce.tests.CheckBoxTest@752325ad]" started-at="2026-06-24T09:04:06 IST" name="takeScreenshotOnFailure" finished-at="2026-06-24T09:04:06 IST" duration-ms="1" status="PASS">
          <params>
            <param index="0">
              <value>
                <![CDATA[[TestResult name=testCheckBoxPageBodyLoaded status=SUCCESS method=CheckBoxTest.testCheckBoxPageBodyLoaded()[pri:3, instance:com.krishna.ecommerce.tests.CheckBoxTest@752325ad] output={null}]]]>
              </value>
            </param>
          </params>
          <reporter-output>
          </reporter-output>
        </test-method> <!-- takeScreenshotOnFailure -->
        <test-method is-config="true" signature="tearDown()[pri:0, instance:com.krishna.ecommerce.tests.CheckBoxTest@752325ad]" started-at="2026-06-24T09:04:06 IST" name="tearDown" finished-at="2026-06-24T09:04:07 IST" duration-ms="883" status="PASS">
          <reporter-output>
          </reporter-output>
        </test-method> <!-- tearDown -->
      </class> <!-- com.krishna.ecommerce.tests.CheckBoxTest -->
    </test> <!-- CheckBox Tests -->
    <test started-at="2026-06-24T09:04:07 IST" name="RadioButton Tests" finished-at="2026-06-24T09:04:24 IST" duration-ms="16652">
      <class name="com.krishna.ecommerce.tests.RadioButtonTest">
        <test-method is-config="true" signature="setUp()[pri:0, instance:com.krishna.ecommerce.tests.RadioButtonTest@1ff4931d]" started-at="2026-06-24T09:04:07 IST" name="setUp" finished-at="2026-06-24T09:04:08 IST" duration-ms="1362" status="PASS">
          <reporter-output>
          </reporter-output>
        </test-method> <!-- setUp -->
        <test-method signature="testRadioButtonPageOpens()[pri:1, instance:com.krishna.ecommerce.tests.RadioButtonTest@1ff4931d]" started-at="2026-06-24T09:04:08 IST" name="testRadioButtonPageOpens" finished-at="2026-06-24T09:04:14 IST" duration-ms="5945" status="PASS">
          <reporter-output>
          </reporter-output>
        </test-method> <!-- testRadioButtonPageOpens -->
        <test-method is-config="true" signature="takeScreenshotOnFailure(org.testng.ITestResult)[pri:0, instance:com.krishna.ecommerce.tests.RadioButtonTest@1ff4931d]" started-at="2026-06-24T09:04:14 IST" name="takeScreenshotOnFailure" finished-at="2026-06-24T09:04:14 IST" duration-ms="2" status="PASS">
          <params>
            <param index="0">
              <value>
                <![CDATA[[TestResult name=testRadioButtonPageOpens status=SUCCESS method=RadioButtonTest.testRadioButtonPageOpens()[pri:1, instance:com.krishna.ecommerce.tests.RadioButtonTest@1ff4931d] output={null}]]]>
              </value>
            </param>
          </params>
          <reporter-output>
          </reporter-output>
        </test-method> <!-- takeScreenshotOnFailure -->
        <test-method signature="testSelectYesRadioButton()[pri:2, instance:com.krishna.ecommerce.tests.RadioButtonTest@1ff4931d]" started-at="2026-06-24T09:04:14 IST" name="testSelectYesRadioButton" finished-at="2026-06-24T09:04:19 IST" duration-ms="4667" status="PASS">
          <reporter-output>
          </reporter-output>
        </test-method> <!-- testSelectYesRadioButton -->
        <test-method is-config="true" signature="takeScreenshotOnFailure(org.testng.ITestResult)[pri:0, instance:com.krishna.ecommerce.tests.RadioButtonTest@1ff4931d]" started-at="2026-06-24T09:04:19 IST" name="takeScreenshotOnFailure" finished-at="2026-06-24T09:04:19 IST" duration-ms="1" status="PASS">
          <params>
            <param index="0">
              <value>
                <![CDATA[[TestResult name=testSelectYesRadioButton status=SUCCESS method=RadioButtonTest.testSelectYesRadioButton()[pri:2, instance:com.krishna.ecommerce.tests.RadioButtonTest@1ff4931d] output={null}]]]>
              </value>
            </param>
          </params>
          <reporter-output>
          </reporter-output>
        </test-method> <!-- takeScreenshotOnFailure -->
        <test-method signature="testSelectImpressiveRadioButton()[pri:3, instance:com.krishna.ecommerce.tests.RadioButtonTest@1ff4931d]" started-at="2026-06-24T09:04:19 IST" name="testSelectImpressiveRadioButton" finished-at="2026-06-24T09:04:23 IST" duration-ms="3821" status="PASS">
          <reporter-output>
          </reporter-output>
        </test-method> <!-- testSelectImpressiveRadioButton -->
        <test-method is-config="true" signature="takeScreenshotOnFailure(org.testng.ITestResult)[pri:0, instance:com.krishna.ecommerce.tests.RadioButtonTest@1ff4931d]" started-at="2026-06-24T09:04:23 IST" name="takeScreenshotOnFailure" finished-at="2026-06-24T09:04:23 IST" duration-ms="1" status="PASS">
          <params>
            <param index="0">
              <value>
                <![CDATA[[TestResult name=testSelectImpressiveRadioButton status=SUCCESS method=RadioButtonTest.testSelectImpressiveRadioButton()[pri:3, instance:com.krishna.ecommerce.tests.RadioButtonTest@1ff4931d] output={null}]]]>
              </value>
            </param>
          </params>
          <reporter-output>
          </reporter-output>
        </test-method> <!-- takeScreenshotOnFailure -->
        <test-method is-config="true" signature="tearDown()[pri:0, instance:com.krishna.ecommerce.tests.RadioButtonTest@1ff4931d]" started-at="2026-06-24T09:04:23 IST" name="tearDown" finished-at="2026-06-24T09:04:24 IST" duration-ms="829" status="PASS">
          <reporter-output>
          </reporter-output>
        </test-method> <!-- tearDown -->
      </class> <!-- com.krishna.ecommerce.tests.RadioButtonTest -->
    </test> <!-- RadioButton Tests -->
  </suite> <!-- Krishna Vamshi - DemoQA Test Suite -->
</testng-results>
