<?xml version="1.0" encoding="UTF-8"?>
<!-- Generated by org.testng.reporters.JUnitReportReporter -->
<testsuite hostname="DESKTOP-SK3B3DV" failures="0" tests="3" name="com.krishna.tests.GoogleSearchTest" time="13.281" errors="0" timestamp="2026-06-06T11:54:18 IST" skipped="0">
  <testcase classname="com.krishna.tests.GoogleSearchTest" name="testGoogleOpens" time="1.780"/>
  <testcase classname="com.krishna.tests.GoogleSearchTest" name="testSearchAutomationJobs" time="7.331"/>
  <testcase classname="com.krishna.tests.GoogleSearchTest" name="testSearchSelenium" time="4.170"/>
</testsuite> <!-- com.krishna.tests.GoogleSearchTest -->
