<?xml version="1.0" encoding="UTF-8"?>
<!-- Generated by org.testng.reporters.JUnitReportReporter -->
<testsuite hostname="DESKTOP-SK3B3DV" failures="0" tests="3" name="com.krishna.ecommerce.tests.CheckBoxTest" time="15.689" errors="0" timestamp="2026-06-24T09:04:24 IST" skipped="0">
  <testcase classname="com.krishna.ecommerce.tests.CheckBoxTest" name="testCheckBoxPageOpens" time="6.439"/>
  <testcase classname="com.krishna.ecommerce.tests.CheckBoxTest" name="testCheckBoxURLCorrect" time="4.597"/>
  <testcase classname="com.krishna.ecommerce.tests.CheckBoxTest" name="testCheckBoxPageBodyLoaded" time="4.653"/>
</testsuite> <!-- com.krishna.ecommerce.tests.CheckBoxTest -->
