<?xml version="1.0" encoding="UTF-8"?>
<!-- Generated by org.testng.reporters.JUnitReportReporter -->
<testsuite hostname="DESKTOP-SK3B3DV" failures="0" tests="3" name="com.krishna.ecommerce.tests.RadioButtonTest" time="14.437" errors="0" timestamp="2026-06-24T09:04:24 IST" skipped="0">
  <testcase classname="com.krishna.ecommerce.tests.RadioButtonTest" name="testRadioButtonPageOpens" time="5.946"/>
  <testcase classname="com.krishna.ecommerce.tests.RadioButtonTest" name="testSelectYesRadioButton" time="4.668"/>
  <testcase classname="com.krishna.ecommerce.tests.RadioButtonTest" name="testSelectImpressiveRadioButton" time="3.823"/>
</testsuite> <!-- com.krishna.ecommerce.tests.RadioButtonTest -->
