<?xml version="1.0" encoding="UTF-8"?>
<!-- Generated by org.testng.reporters.JUnitReportReporter -->
<testsuite hostname="DESKTOP-SK3B3DV" failures="0" tests="3" name="com.krishna.ecommerce.tests.TextBoxTest" time="26.190" errors="0" timestamp="2026-06-24T09:04:24 IST" skipped="0">
  <testcase classname="com.krishna.ecommerce.tests.TextBoxTest" name="testTextBoxPageTitle" time="16.061"/>
  <testcase classname="com.krishna.ecommerce.tests.TextBoxTest" name="testFillTextBox" time="5.302"/>
  <testcase classname="com.krishna.ecommerce.tests.TextBoxTest" name="testOutputNameCorrect" time="4.827"/>
</testsuite> <!-- com.krishna.ecommerce.tests.TextBoxTest -->
