<?xml version="1.0" encoding="UTF-8"?>
<!-- Generated by org.testng.reporters.JUnitReportReporter -->
<testsuite hostname="DESKTOP-SK3B3DV" failures="0" tests="2" name="com.krishna.tests.FirstTest" time="5.633" errors="0" timestamp="2026-06-04T22:42:30 IST" skipped="0">
  <testcase classname="com.krishna.tests.FirstTest" name="testGoogleTitle" time="1.128"/>
  <testcase classname="com.krishna.tests.FirstTest" name="testGoogleSearch" time="4.505"/>
</testsuite> <!-- com.krishna.tests.FirstTest -->
